[debug] [2022-12-24T14:30:56.454Z] ----------------------------------------------------------------------
[debug] [2022-12-24T14:30:56.456Z] Command:       D:\nodejs\node.exe D:\nodejs\node_modules\firebase-tools\lib\bin\firebase.js deploy --only functions
[debug] [2022-12-24T14:30:56.457Z] CLI Version:   11.19.0
[debug] [2022-12-24T14:30:56.457Z] Platform:      win32
[debug] [2022-12-24T14:30:56.457Z] Node Version:  v19.3.0
[debug] [2022-12-24T14:30:56.457Z] Time:          Sat Dec 24 2022 21:30:56 GMT+0700 (Indochina Time)
[debug] [2022-12-24T14:30:56.457Z] ----------------------------------------------------------------------
[debug] 
[debug] [2022-12-24T14:30:56.508Z] > command requires scopes: ["email","openid","https://www.googleapis.com/auth/cloudplatformprojects.readonly","https://www.googleapis.com/auth/firebase","https://www.googleapis.com/auth/cloud-platform"]
[debug] [2022-12-24T14:30:56.508Z] > authorizing via signed-in user (dechdee.m@gmail.com)
[debug] [2022-12-24T14:30:56.508Z] [iam] checking project godot-serverless-function for permissions ["cloudfunctions.functions.create","cloudfunctions.functions.delete","cloudfunctions.functions.get","cloudfunctions.functions.list","cloudfunctions.functions.update","cloudfunctions.operations.get","firebase.projects.get"]
[debug] [2022-12-24T14:30:56.510Z] >>> [apiv2][query] POST https://cloudresourcemanager.googleapis.com/v1/projects/godot-serverless-function:testIamPermissions [none]
[debug] [2022-12-24T14:30:56.510Z] >>> [apiv2][(partial)header] POST https://cloudresourcemanager.googleapis.com/v1/projects/godot-serverless-function:testIamPermissions x-goog-quota-user=projects/godot-serverless-function
[debug] [2022-12-24T14:30:56.510Z] >>> [apiv2][body] POST https://cloudresourcemanager.googleapis.com/v1/projects/godot-serverless-function:testIamPermissions {"permissions":["cloudfunctions.functions.create","cloudfunctions.functions.delete","cloudfunctions.functions.get","cloudfunctions.functions.list","cloudfunctions.functions.update","cloudfunctions.operations.get","firebase.projects.get"]}
[debug] [2022-12-24T14:30:57.704Z] <<< [apiv2][status] POST https://cloudresourcemanager.googleapis.com/v1/projects/godot-serverless-function:testIamPermissions 200
[debug] [2022-12-24T14:30:57.704Z] <<< [apiv2][body] POST https://cloudresourcemanager.googleapis.com/v1/projects/godot-serverless-function:testIamPermissions {"permissions":["cloudfunctions.functions.create","cloudfunctions.functions.delete","cloudfunctions.functions.get","cloudfunctions.functions.list","cloudfunctions.functions.update","cloudfunctions.operations.get","firebase.projects.get"]}
[debug] [2022-12-24T14:30:57.705Z] >>> [apiv2][query] POST https://iam.googleapis.com/v1/projects/godot-serverless-function/serviceAccounts/godot-serverless-function@appspot.gserviceaccount.com:testIamPermissions [none]
[debug] [2022-12-24T14:30:57.705Z] >>> [apiv2][body] POST https://iam.googleapis.com/v1/projects/godot-serverless-function/serviceAccounts/godot-serverless-function@appspot.gserviceaccount.com:testIamPermissions {"permissions":["iam.serviceAccounts.actAs"]}
[debug] [2022-12-24T14:30:58.891Z] <<< [apiv2][status] POST https://iam.googleapis.com/v1/projects/godot-serverless-function/serviceAccounts/godot-serverless-function@appspot.gserviceaccount.com:testIamPermissions 200
[debug] [2022-12-24T14:30:58.891Z] <<< [apiv2][body] POST https://iam.googleapis.com/v1/projects/godot-serverless-function/serviceAccounts/godot-serverless-function@appspot.gserviceaccount.com:testIamPermissions {"permissions":["iam.serviceAccounts.actAs"]}
[info] 
[info] === Deploying to 'godot-serverless-function'...
[info] 
[info] i  deploying functions 
[info] Running command: npm --prefix "$RESOURCE_DIR" run lint
[info] Running command: npm --prefix "$RESOURCE_DIR" run build
[info] +  functions: Finished running predeploy script. 
[debug] [2022-12-24T14:31:07.931Z] >>> [apiv2][query] GET https://firebase.googleapis.com/v1beta1/projects/godot-serverless-function [none]
[debug] [2022-12-24T14:31:08.330Z] <<< [apiv2][status] GET https://firebase.googleapis.com/v1beta1/projects/godot-serverless-function 200
[debug] [2022-12-24T14:31:08.330Z] <<< [apiv2][body] GET https://firebase.googleapis.com/v1beta1/projects/godot-serverless-function {"projectId":"godot-serverless-function","projectNumber":"823200951041","displayName":"Godot Serverless Function","name":"projects/godot-serverless-function","resources":{"hostingSite":"godot-serverless-function"},"state":"ACTIVE","etag":"1_f68afef3-a8b5-4e4f-9580-7003c3d88986"}
[info] i  functions: preparing codebase default for deployment 
[info] i  functions: ensuring required API cloudfunctions.googleapis.com is enabled... 
[info] i  functions: ensuring required API cloudbuild.googleapis.com is enabled... 
[info] i  artifactregistry: ensuring required API artifactregistry.googleapis.com is enabled... 
[debug] [2022-12-24T14:31:08.332Z] >>> [apiv2][query] GET https://serviceusage.googleapis.com/v1/projects/godot-serverless-function/services/cloudfunctions.googleapis.com [none]
[debug] [2022-12-24T14:31:08.332Z] >>> [apiv2][(partial)header] GET https://serviceusage.googleapis.com/v1/projects/godot-serverless-function/services/cloudfunctions.googleapis.com x-goog-quota-user=projects/godot-serverless-function
[debug] [2022-12-24T14:31:08.333Z] >>> [apiv2][query] GET https://serviceusage.googleapis.com/v1/projects/godot-serverless-function/services/runtimeconfig.googleapis.com [none]
[debug] [2022-12-24T14:31:08.333Z] >>> [apiv2][(partial)header] GET https://serviceusage.googleapis.com/v1/projects/godot-serverless-function/services/runtimeconfig.googleapis.com x-goog-quota-user=projects/godot-serverless-function
[debug] [2022-12-24T14:31:08.334Z] >>> [apiv2][query] GET https://serviceusage.googleapis.com/v1/projects/godot-serverless-function/services/cloudbuild.googleapis.com [none]
[debug] [2022-12-24T14:31:08.334Z] >>> [apiv2][(partial)header] GET https://serviceusage.googleapis.com/v1/projects/godot-serverless-function/services/cloudbuild.googleapis.com x-goog-quota-user=projects/godot-serverless-function
[debug] [2022-12-24T14:31:08.335Z] >>> [apiv2][query] GET https://serviceusage.googleapis.com/v1/projects/godot-serverless-function/services/artifactregistry.googleapis.com [none]
[debug] [2022-12-24T14:31:08.335Z] >>> [apiv2][(partial)header] GET https://serviceusage.googleapis.com/v1/projects/godot-serverless-function/services/artifactregistry.googleapis.com x-goog-quota-user=projects/godot-serverless-function
[debug] [2022-12-24T14:31:08.839Z] <<< [apiv2][status] GET https://serviceusage.googleapis.com/v1/projects/godot-serverless-function/services/cloudfunctions.googleapis.com 200
[debug] [2022-12-24T14:31:08.839Z] <<< [apiv2][body] GET https://serviceusage.googleapis.com/v1/projects/godot-serverless-function/services/cloudfunctions.googleapis.com [omitted]
[info] +  functions: required API cloudfunctions.googleapis.com is enabled 
[debug] [2022-12-24T14:31:09.901Z] <<< [apiv2][status] GET https://serviceusage.googleapis.com/v1/projects/godot-serverless-function/services/runtimeconfig.googleapis.com 200
[debug] [2022-12-24T14:31:09.901Z] <<< [apiv2][body] GET https://serviceusage.googleapis.com/v1/projects/godot-serverless-function/services/runtimeconfig.googleapis.com [omitted]
[debug] [2022-12-24T14:31:09.951Z] <<< [apiv2][status] GET https://serviceusage.googleapis.com/v1/projects/godot-serverless-function/services/artifactregistry.googleapis.com 200
[debug] [2022-12-24T14:31:09.951Z] <<< [apiv2][body] GET https://serviceusage.googleapis.com/v1/projects/godot-serverless-function/services/artifactregistry.googleapis.com [omitted]
[info] +  artifactregistry: required API artifactregistry.googleapis.com is enabled 
[debug] [2022-12-24T14:31:09.971Z] <<< [apiv2][status] GET https://serviceusage.googleapis.com/v1/projects/godot-serverless-function/services/cloudbuild.googleapis.com 200
[debug] [2022-12-24T14:31:09.971Z] <<< [apiv2][body] GET https://serviceusage.googleapis.com/v1/projects/godot-serverless-function/services/cloudbuild.googleapis.com [omitted]
[info] +  functions: required API cloudbuild.googleapis.com is enabled 
[debug] [2022-12-24T14:31:09.972Z] >>> [apiv2][query] GET https://firebase.googleapis.com/v1beta1/projects/godot-serverless-function/adminSdkConfig [none]
[debug] [2022-12-24T14:31:10.270Z] <<< [apiv2][status] GET https://firebase.googleapis.com/v1beta1/projects/godot-serverless-function/adminSdkConfig 200
[debug] [2022-12-24T14:31:10.270Z] <<< [apiv2][body] GET https://firebase.googleapis.com/v1beta1/projects/godot-serverless-function/adminSdkConfig {"projectId":"godot-serverless-function","storageBucket":"godot-serverless-function.appspot.com"}
[debug] [2022-12-24T14:31:10.270Z] >>> [apiv2][query] GET https://runtimeconfig.googleapis.com/v1beta1/projects/godot-serverless-function/configs [none]
[debug] [2022-12-24T14:31:10.700Z] <<< [apiv2][status] GET https://runtimeconfig.googleapis.com/v1beta1/projects/godot-serverless-function/configs 200
[debug] [2022-12-24T14:31:10.701Z] <<< [apiv2][body] GET https://runtimeconfig.googleapis.com/v1beta1/projects/godot-serverless-function/configs {}
[debug] [2022-12-24T14:31:10.702Z] Validating nodejs source
[warn] !  functions: package.json indicates an outdated version of firebase-functions. Please upgrade using npm install --save firebase-functions@latest in your functions directory. 
[warn] !  functions: Please note that there will be breaking changes when you upgrade. 
[debug] [2022-12-24T14:31:11.800Z] > [functions] package.json contents: {
  "name": "functions",
  "scripts": {
    "lint": "eslint --ext .js,.ts .",
    "build": "tsc",
    "build:watch": "tsc --watch",
    "serve": "npm run build && firebase emulators:start --only functions",
    "shell": "npm run build && firebase functions:shell",
    "start": "npm run shell",
    "deploy": "firebase deploy --only functions",
    "logs": "firebase functions:log"
  },
  "engines": {
    "node": "16"
  },
  "main": "lib/index.js",
  "dependencies": {
    "firebase-admin": "^10.0.2",
    "firebase-functions": "^3.18.0"
  },
  "devDependencies": {
    "@typescript-eslint/eslint-plugin": "^5.12.0",
    "@typescript-eslint/parser": "^5.12.0",
    "eslint": "^8.9.0",
    "eslint-config-google": "^0.14.0",
    "eslint-plugin-import": "^2.25.4",
    "firebase-functions-test": "^0.2.0",
    "typescript": "^4.5.4"
  },
  "private": true
}
[debug] [2022-12-24T14:31:11.800Z] Building nodejs source
[debug] [2022-12-24T14:31:11.801Z] Could not find functions.yaml. Must use http discovery
[debug] [2022-12-24T14:31:12.782Z] Serving at port 9005

[debug] [2022-12-24T14:31:13.119Z] Got response from /__/functions.yaml {"endpoints":{"helloWorld":{"platform":"gcfv1","httpsTrigger":{},"entryPoint":"helloWorld"}},"specVersion":"v1alpha1","requiredAPIs":[]}
[debug] [2022-12-24T14:31:13.125Z] shutdown requested via /__/quitquitquit

[info] i  functions: preparing functions directory for uploading... 
[info] i  functions: packaged D:\Github\godot-demo-projects\networking\webrtc_minimal\functions (51.26 KB) for uploading 
[debug] [2022-12-24T14:31:13.168Z] >>> [apiv2][query] GET https://cloudfunctions.googleapis.com/v1/projects/godot-serverless-function/locations/-/functions [none]
[debug] [2022-12-24T14:31:13.834Z] <<< [apiv2][status] GET https://cloudfunctions.googleapis.com/v1/projects/godot-serverless-function/locations/-/functions 200
[debug] [2022-12-24T14:31:13.835Z] <<< [apiv2][body] GET https://cloudfunctions.googleapis.com/v1/projects/godot-serverless-function/locations/-/functions {}
[debug] [2022-12-24T14:31:13.835Z] >>> [apiv2][query] GET https://cloudfunctions.googleapis.com/v2/projects/godot-serverless-function/locations/-/functions filter=environment%3D%22GEN_2%22
[debug] [2022-12-24T14:31:15.496Z] <<< [apiv2][status] GET https://cloudfunctions.googleapis.com/v2/projects/godot-serverless-function/locations/-/functions 200
[debug] [2022-12-24T14:31:15.496Z] <<< [apiv2][body] GET https://cloudfunctions.googleapis.com/v2/projects/godot-serverless-function/locations/-/functions {"functions":[{"name":"projects/godot-serverless-function/locations/asia-southeast1/functions/function-1","buildConfig":{"build":"projects/823200951041/locations/asia-southeast1/builds/0596ef35-2794-4e53-8c7b-c99b3fb55ccf","runtime":"nodejs16","entryPoint":"helloHttp","source":{"storageSource":{"bucket":"gcf-v2-sources-823200951041-asia-southeast1","object":"function-1/function-source.zip"}},"sourceProvenance":{"resolvedStorageSource":{"bucket":"gcf-v2-sources-823200951041-asia-southeast1","object":"function-1/function-source.zip","generation":"1671889453070682"}}},"serviceConfig":{"service":"projects/godot-serverless-function/locations/asia-southeast1/services/function-1","timeoutSeconds":60,"environmentVariables":{"PRIVATE_KEY_JSON":"{\"type\":\"service_account\",\"project_id\":\"godot-serverless-function\",\"private_key_id\":\"e9536cd3c000e31989a91a34611abb5c5aec8c48\",\"private_key\":\"-----BEGIN PRIVATE KEY-----\\nMIIEvQIBADANBgkqhkiG9w0BAQEFAASCBKcwggSjAgEAAoIBAQCpFBkF9SBW9fKW\\nF3Fw0LrSD8yV0USIX4bgy8nm4B0ig9cK5Sl3Spo/WEOgNdi2+iYEU6/TASGPEqca\\nPZ6MWf65nLVMOIrHgYj6IzrJyPzzapftoRfM3mlg4/K6Tf2uGdn0Z+fvzjbqsQ4l\\nnSmx5cP09GCJ2hdyeoxEboQtLxr1E90ef9UmTIUK5kGV8m6OzZuWyJM0B88uy1DZ\\novSNQeN4dB+kgeovCfIHwklwwOHMNDP5TQzZtyX5bG5Z6Rcj/mAT4+LC/cZmWOLz\\nWlTWIIAoornYJesYF6phxs3pPLHSoFRH9g3we1D5nijrkiV0nN9QMQK1exMw9XAu\\ntwNpMRMnAgMBAAECggEALEBq1jDUQH5JeffzxEuVAcKJ0JI/RhP+aJpdovP4HB72\\nas8UfbjESxzuQiGlsSoiRhKjG24Z2ujOXGNROjmZnfnCR4sq41FnSNRsoABfF9RH\\npDV71a5GVUoDrrgX03fHoByLyyslG2Kwqa6LCZjxowxMsfenGFqzmHt2U58XBpo5\\n2103W+cQdIG3qtHdoqTHEltjC6zJp0Qy2q9y/wcjtXbcaaUV77FwOhzQGxGQRq3Y\\nDjwoXxB1k7q+0jrMupy3TmARhgD1ARlXVBzrYijSZWfNObruDwwGP2f70roUpKF2\\nBjpyATynmPvpmQMTM9m1BcpW/yEeVDunWTsTvqSrBQKBgQDWQLLZq4VAL9skJ/x5\\n9uz4cnrWvkR0llDi59xW0WreTbLOyGOjh9qZHFeX10jpNVvUQysNm0IGu04tLBDj\\n5V4jS2s6wLplBT7+J3TbDkFDinWFUXlftWyBSs7E98QCNBPoVbuJfbUp+vXNc82i\\nBssNCxHsfG+Pf4dsbhqHy2NnKwKBgQDKBgegZf01tpYwvenFGDIpWjDV4juKHaXw\\n+sse6rl+wGBo+nuq5lOnSD/RkCFsdJNlD5UNQzxriyfpCGN69dSSrLw1Q8yEn6s2\\nI1hppzaTomPSL2fTZCFHj11qp1c4AfoWecjnv6o5B4uYgScgcMDzW880SiHfYvwK\\nBcgw4GKF9QKBgQCQxqVUWweuyOe+9downD+i3tDM3UMquQwtV9nXPKmHUF+cRWK2\\n9S0suy8hZpNZKvpDY6PrDNe/7r+z3IwJQ0uqc+Mgj20kqDfZy9W11FsbhatGDDkF\\nCHYqo982z+m+R2yQWaZhEPXjSTbhvvfcHdUFmk5hS/Ciud1L0tbQngosgwKBgHqW\\nnhoeyT/Gw+xf0XLf89BUAj5HQYnV49QO2yKvnE/lvJr3JAPYL/raRJ+Nrjp5otc4\\nVWHu4sL/dgBaLsN2WL+IQcywj3IK0YHQgN3bsap0Z84rJf2ITQl3XWBSmwJJcNAi\\npl66Vziz82lfNbbhtLP3igxYz6UWE4qhZ5EBF8fhAoGAebBSIZ/UzH6sp/hSzTFA\\nx+1ci3dNSjQru2aSkcXy0Rbo1PWcfQo/d9g2FPJCmjUSmzKhxs7/5wusV715kAVI\\nN8gF6hVRCVT4as8VDyV2/TtEb5omGRzqTSCNqToIIf1PHd6MIjE+0fqLU37P28e6\\nwsADojvwAE2dt5pEnX8HNEE=\\n-----END PRIVATE KEY-----\\n\",\"client_email\":\"firebase-adminsdk-p6j7j@godot-serverless-function.iam.gserviceaccount.com\",\"client_id\":\"109081347121266199878\",\"auth_uri\":\"https://accounts.google.com/o/oauth2/auth\",\"token_uri\":\"https://oauth2.googleapis.com/token\",\"auth_provider_x509_cert_url\":\"https://www.googleapis.com/oauth2/v1/certs\",\"client_x509_cert_url\":\"https://www.googleapis.com/robot/v1/metadata/x509/firebase-adminsdk-p6j7j%40godot-serverless-function.iam.gserviceaccount.com\"}"},"maxInstanceCount":5,"ingressSettings":"ALLOW_ALL","uri":"https://function-1-o45kt3onwq-as.a.run.app","serviceAccountEmail":"823200951041-compute@developer.gserviceaccount.com","availableMemory":"128Mi","allTrafficOnLatestRevision":true,"revision":"function-1-00004-yek","maxInstanceRequestConcurrency":1,"availableCpu":"0.0833"},"state":"ACTIVE","updateTime":"2022-12-24T13:45:36.692978702Z","labels":{"deployment-tool":"console-cloud"},"environment":"GEN_2"}]}
[debug] [2022-12-24T14:31:15.496Z] >>> [apiv2][query] GET https://run.googleapis.com/v1/projects/godot-serverless-function/locations/asia-southeast1/services/function-1 [none]
[debug] [2022-12-24T14:31:15.717Z] <<< [apiv2][status] GET https://run.googleapis.com/v1/projects/godot-serverless-function/locations/asia-southeast1/services/function-1 200
[debug] [2022-12-24T14:31:15.717Z] <<< [apiv2][body] GET https://run.googleapis.com/v1/projects/godot-serverless-function/locations/asia-southeast1/services/function-1 {"apiVersion":"serving.knative.dev/v1","kind":"Service","metadata":{"name":"function-1","namespace":"823200951041","selfLink":"/apis/serving.knative.dev/v1/namespaces/823200951041/services/function-1","uid":"8ead4021-465b-45b1-9abd-82575db0459c","resourceVersion":"AAXwkx3e2+o","generation":4,"labels":{"goog-managed-by":"cloudfunctions","goog-cloudfunctions-runtime":"nodejs16","cloud.googleapis.com/location":"asia-southeast1"},"annotations":{"run.googleapis.com/client-name":"console-cloud","serving.knative.dev/creator":"service-823200951041@gcf-admin-robot.iam.gserviceaccount.com","serving.knative.dev/lastModifier":"service-823200951041@gcf-admin-robot.iam.gserviceaccount.com","client.knative.dev/user-image":"asia-southeast1-docker.pkg.dev/godot-serverless-function/gcf-artifacts/function--1:version_1","cloudfunctions.googleapis.com/function-id":"function-1","run.googleapis.com/ingress":"all","run.googleapis.com/ingress-status":"all"},"creationTimestamp":"2022-12-23T22:34:19.859303Z"},"spec":{"template":{"metadata":{"name":"function-1-00004-yek","annotations":{"run.googleapis.com/client-name":"console-cloud","cloudfunctions.googleapis.com/trigger-type":"HTTP_TRIGGER","client.knative.dev/user-image":"asia-southeast1-docker.pkg.dev/godot-serverless-function/gcf-artifacts/function--1:version_1","autoscaling.knative.dev/maxScale":"5","run.googleapis.com/cpu-throttling":"true","run.googleapis.com/startup-cpu-boost":"true"}},"spec":{"containerConcurrency":1,"timeoutSeconds":60,"serviceAccountName":"823200951041-compute@developer.gserviceaccount.com","containers":[{"image":"asia-southeast1-docker.pkg.dev/godot-serverless-function/gcf-artifacts/function--1:version_1","env":[{"name":"PRIVATE_KEY_JSON","value":"{\"type\":\"service_account\",\"project_id\":\"godot-serverless-function\",\"private_key_id\":\"e9536cd3c000e31989a91a34611abb5c5aec8c48\",\"private_key\":\"-----BEGIN PRIVATE KEY-----\\nMIIEvQIBADANBgkqhkiG9w0BAQEFAASCBKcwggSjAgEAAoIBAQCpFBkF9SBW9fKW\\nF3Fw0LrSD8yV0USIX4bgy8nm4B0ig9cK5Sl3Spo/WEOgNdi2+iYEU6/TASGPEqca\\nPZ6MWf65nLVMOIrHgYj6IzrJyPzzapftoRfM3mlg4/K6Tf2uGdn0Z+fvzjbqsQ4l\\nnSmx5cP09GCJ2hdyeoxEboQtLxr1E90ef9UmTIUK5kGV8m6OzZuWyJM0B88uy1DZ\\novSNQeN4dB+kgeovCfIHwklwwOHMNDP5TQzZtyX5bG5Z6Rcj/mAT4+LC/cZmWOLz\\nWlTWIIAoornYJesYF6phxs3pPLHSoFRH9g3we1D5nijrkiV0nN9QMQK1exMw9XAu\\ntwNpMRMnAgMBAAECggEALEBq1jDUQH5JeffzxEuVAcKJ0JI/RhP+aJpdovP4HB72\\nas8UfbjESxzuQiGlsSoiRhKjG24Z2ujOXGNROjmZnfnCR4sq41FnSNRsoABfF9RH\\npDV71a5GVUoDrrgX03fHoByLyyslG2Kwqa6LCZjxowxMsfenGFqzmHt2U58XBpo5\\n2103W+cQdIG3qtHdoqTHEltjC6zJp0Qy2q9y/wcjtXbcaaUV77FwOhzQGxGQRq3Y\\nDjwoXxB1k7q+0jrMupy3TmARhgD1ARlXVBzrYijSZWfNObruDwwGP2f70roUpKF2\\nBjpyATynmPvpmQMTM9m1BcpW/yEeVDunWTsTvqSrBQKBgQDWQLLZq4VAL9skJ/x5\\n9uz4cnrWvkR0llDi59xW0WreTbLOyGOjh9qZHFeX10jpNVvUQysNm0IGu04tLBDj\\n5V4jS2s6wLplBT7+J3TbDkFDinWFUXlftWyBSs7E98QCNBPoVbuJfbUp+vXNc82i\\nBssNCxHsfG+Pf4dsbhqHy2NnKwKBgQDKBgegZf01tpYwvenFGDIpWjDV4juKHaXw\\n+sse6rl+wGBo+nuq5lOnSD/RkCFsdJNlD5UNQzxriyfpCGN69dSSrLw1Q8yEn6s2\\nI1hppzaTomPSL2fTZCFHj11qp1c4AfoWecjnv6o5B4uYgScgcMDzW880SiHfYvwK\\nBcgw4GKF9QKBgQCQxqVUWweuyOe+9downD+i3tDM3UMquQwtV9nXPKmHUF+cRWK2\\n9S0suy8hZpNZKvpDY6PrDNe/7r+z3IwJQ0uqc+Mgj20kqDfZy9W11FsbhatGDDkF\\nCHYqo982z+m+R2yQWaZhEPXjSTbhvvfcHdUFmk5hS/Ciud1L0tbQngosgwKBgHqW\\nnhoeyT/Gw+xf0XLf89BUAj5HQYnV49QO2yKvnE/lvJr3JAPYL/raRJ+Nrjp5otc4\\nVWHu4sL/dgBaLsN2WL+IQcywj3IK0YHQgN3bsap0Z84rJf2ITQl3XWBSmwJJcNAi\\npl66Vziz82lfNbbhtLP3igxYz6UWE4qhZ5EBF8fhAoGAebBSIZ/UzH6sp/hSzTFA\\nx+1ci3dNSjQru2aSkcXy0Rbo1PWcfQo/d9g2FPJCmjUSmzKhxs7/5wusV715kAVI\\nN8gF6hVRCVT4as8VDyV2/TtEb5omGRzqTSCNqToIIf1PHd6MIjE+0fqLU37P28e6\\nwsADojvwAE2dt5pEnX8HNEE=\\n-----END PRIVATE KEY-----\\n\",\"client_email\":\"firebase-adminsdk-p6j7j@godot-serverless-function.iam.gserviceaccount.com\",\"client_id\":\"109081347121266199878\",\"auth_uri\":\"https://accounts.google.com/o/oauth2/auth\",\"token_uri\":\"https://oauth2.googleapis.com/token\",\"auth_provider_x509_cert_url\":\"https://www.googleapis.com/oauth2/v1/certs\",\"client_x509_cert_url\":\"https://www.googleapis.com/robot/v1/metadata/x509/firebase-adminsdk-p6j7j%40godot-serverless-function.iam.gserviceaccount.com\"}"}],"resources":{"limits":{"cpu":"0.0833","memory":"128Mi"}},"ports":[{"name":"http1","containerPort":8080}]}]}},"traffic":[{"percent":100,"latestRevision":true}]},"status":{"observedGeneration":4,"conditions":[{"type":"Ready","status":"True","lastTransitionTime":"2022-12-24T13:45:35.434198Z"},{"type":"ConfigurationsReady","status":"True","lastTransitionTime":"2022-12-24T13:45:31.365962Z"},{"type":"RoutesReady","status":"True","lastTransitionTime":"2022-12-24T13:45:35.556586Z"}],"latestReadyRevisionName":"function-1-00004-yek","latestCreatedRevisionName":"function-1-00004-yek","traffic":[{"revisionName":"function-1-00004-yek","percent":100,"latestRevision":true}],"url":"https://function-1-o45kt3onwq-as.a.run.app","address":{"url":"https://function-1-o45kt3onwq-as.a.run.app"}}}
[debug] [2022-12-24T14:31:15.722Z] >>> [apiv2][query] GET https://firebase.googleapis.com/v1beta1/projects/godot-serverless-function [none]
[debug] [2022-12-24T14:31:16.107Z] <<< [apiv2][status] GET https://firebase.googleapis.com/v1beta1/projects/godot-serverless-function 200
[debug] [2022-12-24T14:31:16.107Z] <<< [apiv2][body] GET https://firebase.googleapis.com/v1beta1/projects/godot-serverless-function {"projectId":"godot-serverless-function","projectNumber":"823200951041","displayName":"Godot Serverless Function","name":"projects/godot-serverless-function","resources":{"hostingSite":"godot-serverless-function"},"state":"ACTIVE","etag":"1_f68afef3-a8b5-4e4f-9580-7003c3d88986"}
[debug] [2022-12-24T14:31:16.108Z] [functions] found 1 new HTTP functions, testing setIamPolicy permission...
[debug] [2022-12-24T14:31:16.108Z] >>> [apiv2][query] POST https://cloudresourcemanager.googleapis.com/v1/projects/godot-serverless-function:testIamPermissions [none]
[debug] [2022-12-24T14:31:16.108Z] >>> [apiv2][(partial)header] POST https://cloudresourcemanager.googleapis.com/v1/projects/godot-serverless-function:testIamPermissions x-goog-quota-user=projects/godot-serverless-function
[debug] [2022-12-24T14:31:16.108Z] >>> [apiv2][body] POST https://cloudresourcemanager.googleapis.com/v1/projects/godot-serverless-function:testIamPermissions {"permissions":["cloudfunctions.functions.setIamPolicy"]}
[debug] [2022-12-24T14:31:17.229Z] <<< [apiv2][status] POST https://cloudresourcemanager.googleapis.com/v1/projects/godot-serverless-function:testIamPermissions 200
[debug] [2022-12-24T14:31:17.229Z] <<< [apiv2][body] POST https://cloudresourcemanager.googleapis.com/v1/projects/godot-serverless-function:testIamPermissions {"permissions":["cloudfunctions.functions.setIamPolicy"]}
[debug] [2022-12-24T14:31:17.230Z] [functions] found setIamPolicy permission, proceeding with deploy
[debug] [2022-12-24T14:31:17.230Z] >>> [apiv2][query] POST https://cloudfunctions.googleapis.com/v1/projects/godot-serverless-function/locations/us-central1/functions:generateUploadUrl [none]
[debug] [2022-12-24T14:31:17.230Z] >>> [apiv2][body] POST https://cloudfunctions.googleapis.com/v1/projects/godot-serverless-function/locations/us-central1/functions:generateUploadUrl {}
[debug] [2022-12-24T14:31:17.948Z] <<< [apiv2][status] POST https://cloudfunctions.googleapis.com/v1/projects/godot-serverless-function/locations/us-central1/functions:generateUploadUrl 200
[debug] [2022-12-24T14:31:17.948Z] <<< [apiv2][body] POST https://cloudfunctions.googleapis.com/v1/projects/godot-serverless-function/locations/us-central1/functions:generateUploadUrl {"uploadUrl":"https://storage.googleapis.com/uploads-847191649022.us-central1.cloudfunctions.appspot.com/737436da-1519-4b09-b608-796bc969d0f2.zip?GoogleAccessId=service-823200951041@gcf-admin-robot.iam.gserviceaccount.com&Expires=1671894079&Signature=O8LjMYjL4YQwPYeWtIP%2FFp2VdNl%2Bn0eIv6dt5Y16tAiFG09f6fZ5UXEFXUWSFOVIPEjdcJNBFa3tofBtyG0hGJ11jqifviMTn%2Biem%2BdSw2MDwsGepir5xiEy%2BwSgM%2Fm4LmGbRdtmSEt2ULBy8LeM1Ai5GGzpAz%2BrJRqFj6CYq9cZLJzzxRSGOUwRfXjmFRAuhanTqoUfjMKxaBOb%2FWvV3a3r5VJwQc7d3DXFXjx4wZmQtOXQt1KpnKuh8cZvnwg1gpAiAJZBYCS%2F2p%2FworcEJe5A06rAIIg92%2B2h0F%2BnLj5vToo0tblSrIdKVH4RCr7n119%2B58gto%2BVQqlu2BUn23w%3D%3D"}
[debug] [2022-12-24T14:31:17.949Z] >>> [apiv2][query] PUT https://storage.googleapis.com/uploads-847191649022.us-central1.cloudfunctions.appspot.com/737436da-1519-4b09-b608-796bc969d0f2.zip GoogleAccessId=service-823200951041%40gcf-admin-robot.iam.gserviceaccount.com&Expires=1671894079&Signature=O8LjMYjL4YQwPYeWtIP%2FFp2VdNl%2Bn0eIv6dt5Y16tAiFG09f6fZ5UXEFXUWSFOVIPEjdcJNBFa3tofBtyG0hGJ11jqifviMTn%2Biem%2BdSw2MDwsGepir5xiEy%2BwSgM%2Fm4LmGbRdtmSEt2ULBy8LeM1Ai5GGzpAz%2BrJRqFj6CYq9cZLJzzxRSGOUwRfXjmFRAuhanTqoUfjMKxaBOb%2FWvV3a3r5VJwQc7d3DXFXjx4wZmQtOXQt1KpnKuh8cZvnwg1gpAiAJZBYCS%2F2p%2FworcEJe5A06rAIIg92%2B2h0F%2BnLj5vToo0tblSrIdKVH4RCr7n119%2B58gto%2BVQqlu2BUn23w%3D%3D
[debug] [2022-12-24T14:31:17.949Z] >>> [apiv2][body] PUT https://storage.googleapis.com/uploads-847191649022.us-central1.cloudfunctions.appspot.com/737436da-1519-4b09-b608-796bc969d0f2.zip [stream]
[debug] [2022-12-24T14:31:18.980Z] <<< [apiv2][status] PUT https://storage.googleapis.com/uploads-847191649022.us-central1.cloudfunctions.appspot.com/737436da-1519-4b09-b608-796bc969d0f2.zip 200
[debug] [2022-12-24T14:31:18.980Z] <<< [apiv2][body] PUT https://storage.googleapis.com/uploads-847191649022.us-central1.cloudfunctions.appspot.com/737436da-1519-4b09-b608-796bc969d0f2.zip [omitted]
[info] +  functions: functions folder uploaded successfully 
[info] i  functions: creating Node.js 16 function helloWorld(us-central1)... 
[debug] [2022-12-24T14:31:18.983Z] >>> [apiv2][query] POST https://cloudfunctions.googleapis.com/v1/projects/godot-serverless-function/locations/us-central1/functions [none]
[debug] [2022-12-24T14:31:18.983Z] >>> [apiv2][body] POST https://cloudfunctions.googleapis.com/v1/projects/godot-serverless-function/locations/us-central1/functions {"name":"projects/godot-serverless-function/locations/us-central1/functions/helloWorld","sourceUploadUrl":"https://storage.googleapis.com/uploads-847191649022.us-central1.cloudfunctions.appspot.com/737436da-1519-4b09-b608-796bc969d0f2.zip?GoogleAccessId=service-823200951041@gcf-admin-robot.iam.gserviceaccount.com&Expires=1671894079&Signature=O8LjMYjL4YQwPYeWtIP%2FFp2VdNl%2Bn0eIv6dt5Y16tAiFG09f6fZ5UXEFXUWSFOVIPEjdcJNBFa3tofBtyG0hGJ11jqifviMTn%2Biem%2BdSw2MDwsGepir5xiEy%2BwSgM%2Fm4LmGbRdtmSEt2ULBy8LeM1Ai5GGzpAz%2BrJRqFj6CYq9cZLJzzxRSGOUwRfXjmFRAuhanTqoUfjMKxaBOb%2FWvV3a3r5VJwQc7d3DXFXjx4wZmQtOXQt1KpnKuh8cZvnwg1gpAiAJZBYCS%2F2p%2FworcEJe5A06rAIIg92%2B2h0F%2BnLj5vToo0tblSrIdKVH4RCr7n119%2B58gto%2BVQqlu2BUn23w%3D%3D","entryPoint":"helloWorld","runtime":"nodejs16","dockerRegistry":"ARTIFACT_REGISTRY","labels":{"deployment-tool":"cli-firebase","firebase-functions-hash":"17c60b33a3afd900e97b6cf03e1f6130fcfa380e"},"httpsTrigger":{"securityLevel":"SECURE_ALWAYS"},"environmentVariables":{"FIREBASE_CONFIG":"{\"projectId\":\"godot-serverless-function\",\"storageBucket\":\"godot-serverless-function.appspot.com\"}","GCLOUD_PROJECT":"godot-serverless-function","EVENTARC_CLOUD_EVENT_SOURCE":"projects/godot-serverless-function/locations/us-central1/functions/helloWorld"}}
[debug] [2022-12-24T14:31:19.809Z] <<< [apiv2][status] POST https://cloudfunctions.googleapis.com/v1/projects/godot-serverless-function/locations/us-central1/functions 200
[debug] [2022-12-24T14:31:19.809Z] <<< [apiv2][body] POST https://cloudfunctions.googleapis.com/v1/projects/godot-serverless-function/locations/us-central1/functions {"name":"operations/Z29kb3Qtc2VydmVybGVzcy1mdW5jdGlvbi91cy1jZW50cmFsMS9oZWxsb1dvcmxkL3l6OTVCVHRVSklF","metadata":{"@type":"type.googleapis.com/google.cloud.functions.v1.OperationMetadataV1","target":"projects/godot-serverless-function/locations/us-central1/functions/helloWorld","type":"CREATE_FUNCTION","request":{"@type":"type.googleapis.com/google.cloud.functions.v1.CloudFunction","name":"projects/godot-serverless-function/locations/us-central1/functions/helloWorld","httpsTrigger":{"securityLevel":"SECURE_ALWAYS"},"entryPoint":"helloWorld","labels":{"deployment-tool":"cli-firebase","firebase-functions-hash":"17c60b33a3afd900e97b6cf03e1f6130fcfa380e"},"sourceUploadUrl":"https://storage.googleapis.com/uploads-847191649022.us-central1.cloudfunctions.appspot.com/737436da-1519-4b09-b608-796bc969d0f2.zip?GoogleAccessId=service-823200951041@gcf-admin-robot.iam.gserviceaccount.com&Expires=1671894079&Signature=O8LjMYjL4YQwPYeWtIP%2FFp2VdNl%2Bn0eIv6dt5Y16tAiFG09f6fZ5UXEFXUWSFOVIPEjdcJNBFa3tofBtyG0hGJ11jqifviMTn%2Biem%2BdSw2MDwsGepir5xiEy%2BwSgM%2Fm4LmGbRdtmSEt2ULBy8LeM1Ai5GGzpAz%2BrJRqFj6CYq9cZLJzzxRSGOUwRfXjmFRAuhanTqoUfjMKxaBOb%2FWvV3a3r5VJwQc7d3DXFXjx4wZmQtOXQt1KpnKuh8cZvnwg1gpAiAJZBYCS%2F2p%2FworcEJe5A06rAIIg92%2B2h0F%2BnLj5vToo0tblSrIdKVH4RCr7n119%2B58gto%2BVQqlu2BUn23w%3D%3D","environmentVariables":{"FIREBASE_CONFIG":"{\"projectId\":\"godot-serverless-function\",\"storageBucket\":\"godot-serverless-function.appspot.com\"}","GCLOUD_PROJECT":"godot-serverless-function","EVENTARC_CLOUD_EVENT_SOURCE":"projects/godot-serverless-function/locations/us-central1/functions/helloWorld"},"runtime":"nodejs16","dockerRegistry":"ARTIFACT_REGISTRY"},"versionId":"1","updateTime":"2022-12-24T14:31:21Z"}}
[debug] [2022-12-24T14:31:19.810Z] >>> [apiv2][query] GET https://cloudfunctions.googleapis.com/v1/operations/Z29kb3Qtc2VydmVybGVzcy1mdW5jdGlvbi91cy1jZW50cmFsMS9oZWxsb1dvcmxkL3l6OTVCVHRVSklF [none]
[debug] [2022-12-24T14:31:20.161Z] <<< [apiv2][status] GET https://cloudfunctions.googleapis.com/v1/operations/Z29kb3Qtc2VydmVybGVzcy1mdW5jdGlvbi91cy1jZW50cmFsMS9oZWxsb1dvcmxkL3l6OTVCVHRVSklF 200
[debug] [2022-12-24T14:31:20.161Z] <<< [apiv2][body] GET https://cloudfunctions.googleapis.com/v1/operations/Z29kb3Qtc2VydmVybGVzcy1mdW5jdGlvbi91cy1jZW50cmFsMS9oZWxsb1dvcmxkL3l6OTVCVHRVSklF {"name":"operations/Z29kb3Qtc2VydmVybGVzcy1mdW5jdGlvbi91cy1jZW50cmFsMS9oZWxsb1dvcmxkL3l6OTVCVHRVSklF","metadata":{"@type":"type.googleapis.com/google.cloud.functions.v1.OperationMetadataV1","target":"projects/godot-serverless-function/locations/us-central1/functions/helloWorld","type":"CREATE_FUNCTION","request":{"@type":"type.googleapis.com/google.cloud.functions.v1.CloudFunction","name":"projects/godot-serverless-function/locations/us-central1/functions/helloWorld","httpsTrigger":{"securityLevel":"SECURE_ALWAYS"},"entryPoint":"helloWorld","labels":{"deployment-tool":"cli-firebase","firebase-functions-hash":"17c60b33a3afd900e97b6cf03e1f6130fcfa380e"},"sourceUploadUrl":"https://storage.googleapis.com/uploads-847191649022.us-central1.cloudfunctions.appspot.com/737436da-1519-4b09-b608-796bc969d0f2.zip?GoogleAccessId=service-823200951041@gcf-admin-robot.iam.gserviceaccount.com&Expires=1671894079&Signature=O8LjMYjL4YQwPYeWtIP%2FFp2VdNl%2Bn0eIv6dt5Y16tAiFG09f6fZ5UXEFXUWSFOVIPEjdcJNBFa3tofBtyG0hGJ11jqifviMTn%2Biem%2BdSw2MDwsGepir5xiEy%2BwSgM%2Fm4LmGbRdtmSEt2ULBy8LeM1Ai5GGzpAz%2BrJRqFj6CYq9cZLJzzxRSGOUwRfXjmFRAuhanTqoUfjMKxaBOb%2FWvV3a3r5VJwQc7d3DXFXjx4wZmQtOXQt1KpnKuh8cZvnwg1gpAiAJZBYCS%2F2p%2FworcEJe5A06rAIIg92%2B2h0F%2BnLj5vToo0tblSrIdKVH4RCr7n119%2B58gto%2BVQqlu2BUn23w%3D%3D","environmentVariables":{"FIREBASE_CONFIG":"{\"projectId\":\"godot-serverless-function\",\"storageBucket\":\"godot-serverless-function.appspot.com\"}","GCLOUD_PROJECT":"godot-serverless-function","EVENTARC_CLOUD_EVENT_SOURCE":"projects/godot-serverless-function/locations/us-central1/functions/helloWorld"},"runtime":"nodejs16","dockerRegistry":"ARTIFACT_REGISTRY"},"versionId":"1","updateTime":"2022-12-24T14:31:21Z"}}
[debug] [2022-12-24T14:31:20.670Z] [create-default-us-central1-helloWorld] Retrying task index 0
[debug] [2022-12-24T14:31:20.671Z] >>> [apiv2][query] GET https://cloudfunctions.googleapis.com/v1/operations/Z29kb3Qtc2VydmVybGVzcy1mdW5jdGlvbi91cy1jZW50cmFsMS9oZWxsb1dvcmxkL3l6OTVCVHRVSklF [none]
[debug] [2022-12-24T14:31:21.071Z] <<< [apiv2][status] GET https://cloudfunctions.googleapis.com/v1/operations/Z29kb3Qtc2VydmVybGVzcy1mdW5jdGlvbi91cy1jZW50cmFsMS9oZWxsb1dvcmxkL3l6OTVCVHRVSklF 200
[debug] [2022-12-24T14:31:21.071Z] <<< [apiv2][body] GET https://cloudfunctions.googleapis.com/v1/operations/Z29kb3Qtc2VydmVybGVzcy1mdW5jdGlvbi91cy1jZW50cmFsMS9oZWxsb1dvcmxkL3l6OTVCVHRVSklF {"name":"operations/Z29kb3Qtc2VydmVybGVzcy1mdW5jdGlvbi91cy1jZW50cmFsMS9oZWxsb1dvcmxkL3l6OTVCVHRVSklF","metadata":{"@type":"type.googleapis.com/google.cloud.functions.v1.OperationMetadataV1","target":"projects/godot-serverless-function/locations/us-central1/functions/helloWorld","type":"CREATE_FUNCTION","request":{"@type":"type.googleapis.com/google.cloud.functions.v1.CloudFunction","name":"projects/godot-serverless-function/locations/us-central1/functions/helloWorld","httpsTrigger":{"securityLevel":"SECURE_ALWAYS"},"entryPoint":"helloWorld","labels":{"deployment-tool":"cli-firebase","firebase-functions-hash":"17c60b33a3afd900e97b6cf03e1f6130fcfa380e"},"sourceUploadUrl":"https://storage.googleapis.com/uploads-847191649022.us-central1.cloudfunctions.appspot.com/737436da-1519-4b09-b608-796bc969d0f2.zip?GoogleAccessId=service-823200951041@gcf-admin-robot.iam.gserviceaccount.com&Expires=1671894079&Signature=O8LjMYjL4YQwPYeWtIP%2FFp2VdNl%2Bn0eIv6dt5Y16tAiFG09f6fZ5UXEFXUWSFOVIPEjdcJNBFa3tofBtyG0hGJ11jqifviMTn%2Biem%2BdSw2MDwsGepir5xiEy%2BwSgM%2Fm4LmGbRdtmSEt2ULBy8LeM1Ai5GGzpAz%2BrJRqFj6CYq9cZLJzzxRSGOUwRfXjmFRAuhanTqoUfjMKxaBOb%2FWvV3a3r5VJwQc7d3DXFXjx4wZmQtOXQt1KpnKuh8cZvnwg1gpAiAJZBYCS%2F2p%2FworcEJe5A06rAIIg92%2B2h0F%2BnLj5vToo0tblSrIdKVH4RCr7n119%2B58gto%2BVQqlu2BUn23w%3D%3D","environmentVariables":{"FIREBASE_CONFIG":"{\"projectId\":\"godot-serverless-function\",\"storageBucket\":\"godot-serverless-function.appspot.com\"}","GCLOUD_PROJECT":"godot-serverless-function","EVENTARC_CLOUD_EVENT_SOURCE":"projects/godot-serverless-function/locations/us-central1/functions/helloWorld"},"runtime":"nodejs16","dockerRegistry":"ARTIFACT_REGISTRY"},"versionId":"1","updateTime":"2022-12-24T14:31:21Z"}}
[debug] [2022-12-24T14:31:22.084Z] [create-default-us-central1-helloWorld] Retrying task index 0
[debug] [2022-12-24T14:31:22.085Z] >>> [apiv2][query] GET https://cloudfunctions.googleapis.com/v1/operations/Z29kb3Qtc2VydmVybGVzcy1mdW5jdGlvbi91cy1jZW50cmFsMS9oZWxsb1dvcmxkL3l6OTVCVHRVSklF [none]
[debug] [2022-12-24T14:31:22.492Z] <<< [apiv2][status] GET https://cloudfunctions.googleapis.com/v1/operations/Z29kb3Qtc2VydmVybGVzcy1mdW5jdGlvbi91cy1jZW50cmFsMS9oZWxsb1dvcmxkL3l6OTVCVHRVSklF 200
[debug] [2022-12-24T14:31:22.493Z] <<< [apiv2][body] GET https://cloudfunctions.googleapis.com/v1/operations/Z29kb3Qtc2VydmVybGVzcy1mdW5jdGlvbi91cy1jZW50cmFsMS9oZWxsb1dvcmxkL3l6OTVCVHRVSklF {"name":"operations/Z29kb3Qtc2VydmVybGVzcy1mdW5jdGlvbi91cy1jZW50cmFsMS9oZWxsb1dvcmxkL3l6OTVCVHRVSklF","metadata":{"@type":"type.googleapis.com/google.cloud.functions.v1.OperationMetadataV1","target":"projects/godot-serverless-function/locations/us-central1/functions/helloWorld","type":"CREATE_FUNCTION","request":{"@type":"type.googleapis.com/google.cloud.functions.v1.CloudFunction","name":"projects/godot-serverless-function/locations/us-central1/functions/helloWorld","httpsTrigger":{"securityLevel":"SECURE_ALWAYS"},"entryPoint":"helloWorld","labels":{"deployment-tool":"cli-firebase","firebase-functions-hash":"17c60b33a3afd900e97b6cf03e1f6130fcfa380e"},"sourceUploadUrl":"https://storage.googleapis.com/uploads-847191649022.us-central1.cloudfunctions.appspot.com/737436da-1519-4b09-b608-796bc969d0f2.zip?GoogleAccessId=service-823200951041@gcf-admin-robot.iam.gserviceaccount.com&Expires=1671894079&Signature=O8LjMYjL4YQwPYeWtIP%2FFp2VdNl%2Bn0eIv6dt5Y16tAiFG09f6fZ5UXEFXUWSFOVIPEjdcJNBFa3tofBtyG0hGJ11jqifviMTn%2Biem%2BdSw2MDwsGepir5xiEy%2BwSgM%2Fm4LmGbRdtmSEt2ULBy8LeM1Ai5GGzpAz%2BrJRqFj6CYq9cZLJzzxRSGOUwRfXjmFRAuhanTqoUfjMKxaBOb%2FWvV3a3r5VJwQc7d3DXFXjx4wZmQtOXQt1KpnKuh8cZvnwg1gpAiAJZBYCS%2F2p%2FworcEJe5A06rAIIg92%2B2h0F%2BnLj5vToo0tblSrIdKVH4RCr7n119%2B58gto%2BVQqlu2BUn23w%3D%3D","environmentVariables":{"FIREBASE_CONFIG":"{\"projectId\":\"godot-serverless-function\",\"storageBucket\":\"godot-serverless-function.appspot.com\"}","GCLOUD_PROJECT":"godot-serverless-function","EVENTARC_CLOUD_EVENT_SOURCE":"projects/godot-serverless-function/locations/us-central1/functions/helloWorld"},"runtime":"nodejs16","dockerRegistry":"ARTIFACT_REGISTRY"},"versionId":"1","updateTime":"2022-12-24T14:31:21Z"}}
[debug] [2022-12-24T14:31:24.501Z] [create-default-us-central1-helloWorld] Retrying task index 0
[debug] [2022-12-24T14:31:24.501Z] >>> [apiv2][query] GET https://cloudfunctions.googleapis.com/v1/operations/Z29kb3Qtc2VydmVybGVzcy1mdW5jdGlvbi91cy1jZW50cmFsMS9oZWxsb1dvcmxkL3l6OTVCVHRVSklF [none]
[debug] [2022-12-24T14:31:24.906Z] <<< [apiv2][status] GET https://cloudfunctions.googleapis.com/v1/operations/Z29kb3Qtc2VydmVybGVzcy1mdW5jdGlvbi91cy1jZW50cmFsMS9oZWxsb1dvcmxkL3l6OTVCVHRVSklF 200
[debug] [2022-12-24T14:31:24.906Z] <<< [apiv2][body] GET https://cloudfunctions.googleapis.com/v1/operations/Z29kb3Qtc2VydmVybGVzcy1mdW5jdGlvbi91cy1jZW50cmFsMS9oZWxsb1dvcmxkL3l6OTVCVHRVSklF {"name":"operations/Z29kb3Qtc2VydmVybGVzcy1mdW5jdGlvbi91cy1jZW50cmFsMS9oZWxsb1dvcmxkL3l6OTVCVHRVSklF","metadata":{"@type":"type.googleapis.com/google.cloud.functions.v1.OperationMetadataV1","target":"projects/godot-serverless-function/locations/us-central1/functions/helloWorld","type":"CREATE_FUNCTION","request":{"@type":"type.googleapis.com/google.cloud.functions.v1.CloudFunction","name":"projects/godot-serverless-function/locations/us-central1/functions/helloWorld","httpsTrigger":{"securityLevel":"SECURE_ALWAYS"},"entryPoint":"helloWorld","labels":{"deployment-tool":"cli-firebase","firebase-functions-hash":"17c60b33a3afd900e97b6cf03e1f6130fcfa380e"},"sourceUploadUrl":"https://storage.googleapis.com/uploads-847191649022.us-central1.cloudfunctions.appspot.com/737436da-1519-4b09-b608-796bc969d0f2.zip?GoogleAccessId=service-823200951041@gcf-admin-robot.iam.gserviceaccount.com&Expires=1671894079&Signature=O8LjMYjL4YQwPYeWtIP%2FFp2VdNl%2Bn0eIv6dt5Y16tAiFG09f6fZ5UXEFXUWSFOVIPEjdcJNBFa3tofBtyG0hGJ11jqifviMTn%2Biem%2BdSw2MDwsGepir5xiEy%2BwSgM%2Fm4LmGbRdtmSEt2ULBy8LeM1Ai5GGzpAz%2BrJRqFj6CYq9cZLJzzxRSGOUwRfXjmFRAuhanTqoUfjMKxaBOb%2FWvV3a3r5VJwQc7d3DXFXjx4wZmQtOXQt1KpnKuh8cZvnwg1gpAiAJZBYCS%2F2p%2FworcEJe5A06rAIIg92%2B2h0F%2BnLj5vToo0tblSrIdKVH4RCr7n119%2B58gto%2BVQqlu2BUn23w%3D%3D","environmentVariables":{"FIREBASE_CONFIG":"{\"projectId\":\"godot-serverless-function\",\"storageBucket\":\"godot-serverless-function.appspot.com\"}","GCLOUD_PROJECT":"godot-serverless-function","EVENTARC_CLOUD_EVENT_SOURCE":"projects/godot-serverless-function/locations/us-central1/functions/helloWorld"},"runtime":"nodejs16","dockerRegistry":"ARTIFACT_REGISTRY"},"versionId":"1","updateTime":"2022-12-24T14:31:21Z"}}
[debug] [2022-12-24T14:31:28.921Z] [create-default-us-central1-helloWorld] Retrying task index 0
[debug] [2022-12-24T14:31:28.922Z] >>> [apiv2][query] GET https://cloudfunctions.googleapis.com/v1/operations/Z29kb3Qtc2VydmVybGVzcy1mdW5jdGlvbi91cy1jZW50cmFsMS9oZWxsb1dvcmxkL3l6OTVCVHRVSklF [none]
[debug] [2022-12-24T14:31:29.350Z] <<< [apiv2][status] GET https://cloudfunctions.googleapis.com/v1/operations/Z29kb3Qtc2VydmVybGVzcy1mdW5jdGlvbi91cy1jZW50cmFsMS9oZWxsb1dvcmxkL3l6OTVCVHRVSklF 200
[debug] [2022-12-24T14:31:29.350Z] <<< [apiv2][body] GET https://cloudfunctions.googleapis.com/v1/operations/Z29kb3Qtc2VydmVybGVzcy1mdW5jdGlvbi91cy1jZW50cmFsMS9oZWxsb1dvcmxkL3l6OTVCVHRVSklF {"name":"operations/Z29kb3Qtc2VydmVybGVzcy1mdW5jdGlvbi91cy1jZW50cmFsMS9oZWxsb1dvcmxkL3l6OTVCVHRVSklF","metadata":{"@type":"type.googleapis.com/google.cloud.functions.v1.OperationMetadataV1","target":"projects/godot-serverless-function/locations/us-central1/functions/helloWorld","type":"CREATE_FUNCTION","request":{"@type":"type.googleapis.com/google.cloud.functions.v1.CloudFunction","name":"projects/godot-serverless-function/locations/us-central1/functions/helloWorld","httpsTrigger":{"securityLevel":"SECURE_ALWAYS"},"entryPoint":"helloWorld","labels":{"deployment-tool":"cli-firebase","firebase-functions-hash":"17c60b33a3afd900e97b6cf03e1f6130fcfa380e"},"sourceUploadUrl":"https://storage.googleapis.com/uploads-847191649022.us-central1.cloudfunctions.appspot.com/737436da-1519-4b09-b608-796bc969d0f2.zip?GoogleAccessId=service-823200951041@gcf-admin-robot.iam.gserviceaccount.com&Expires=1671894079&Signature=O8LjMYjL4YQwPYeWtIP%2FFp2VdNl%2Bn0eIv6dt5Y16tAiFG09f6fZ5UXEFXUWSFOVIPEjdcJNBFa3tofBtyG0hGJ11jqifviMTn%2Biem%2BdSw2MDwsGepir5xiEy%2BwSgM%2Fm4LmGbRdtmSEt2ULBy8LeM1Ai5GGzpAz%2BrJRqFj6CYq9cZLJzzxRSGOUwRfXjmFRAuhanTqoUfjMKxaBOb%2FWvV3a3r5VJwQc7d3DXFXjx4wZmQtOXQt1KpnKuh8cZvnwg1gpAiAJZBYCS%2F2p%2FworcEJe5A06rAIIg92%2B2h0F%2BnLj5vToo0tblSrIdKVH4RCr7n119%2B58gto%2BVQqlu2BUn23w%3D%3D","environmentVariables":{"FIREBASE_CONFIG":"{\"projectId\":\"godot-serverless-function\",\"storageBucket\":\"godot-serverless-function.appspot.com\"}","GCLOUD_PROJECT":"godot-serverless-function","EVENTARC_CLOUD_EVENT_SOURCE":"projects/godot-serverless-function/locations/us-central1/functions/helloWorld"},"runtime":"nodejs16","dockerRegistry":"ARTIFACT_REGISTRY"},"versionId":"1","updateTime":"2022-12-24T14:31:21Z"}}
[debug] [2022-12-24T14:31:37.365Z] [create-default-us-central1-helloWorld] Retrying task index 0
[debug] [2022-12-24T14:31:37.365Z] >>> [apiv2][query] GET https://cloudfunctions.googleapis.com/v1/operations/Z29kb3Qtc2VydmVybGVzcy1mdW5jdGlvbi91cy1jZW50cmFsMS9oZWxsb1dvcmxkL3l6OTVCVHRVSklF [none]
[debug] [2022-12-24T14:31:37.849Z] <<< [apiv2][status] GET https://cloudfunctions.googleapis.com/v1/operations/Z29kb3Qtc2VydmVybGVzcy1mdW5jdGlvbi91cy1jZW50cmFsMS9oZWxsb1dvcmxkL3l6OTVCVHRVSklF 200
[debug] [2022-12-24T14:31:37.849Z] <<< [apiv2][body] GET https://cloudfunctions.googleapis.com/v1/operations/Z29kb3Qtc2VydmVybGVzcy1mdW5jdGlvbi91cy1jZW50cmFsMS9oZWxsb1dvcmxkL3l6OTVCVHRVSklF {"name":"operations/Z29kb3Qtc2VydmVybGVzcy1mdW5jdGlvbi91cy1jZW50cmFsMS9oZWxsb1dvcmxkL3l6OTVCVHRVSklF","metadata":{"@type":"type.googleapis.com/google.cloud.functions.v1.OperationMetadataV1","target":"projects/godot-serverless-function/locations/us-central1/functions/helloWorld","type":"CREATE_FUNCTION","request":{"@type":"type.googleapis.com/google.cloud.functions.v1.CloudFunction","name":"projects/godot-serverless-function/locations/us-central1/functions/helloWorld","httpsTrigger":{"securityLevel":"SECURE_ALWAYS"},"entryPoint":"helloWorld","labels":{"deployment-tool":"cli-firebase","firebase-functions-hash":"17c60b33a3afd900e97b6cf03e1f6130fcfa380e"},"sourceUploadUrl":"https://storage.googleapis.com/uploads-847191649022.us-central1.cloudfunctions.appspot.com/737436da-1519-4b09-b608-796bc969d0f2.zip?GoogleAccessId=service-823200951041@gcf-admin-robot.iam.gserviceaccount.com&Expires=1671894079&Signature=O8LjMYjL4YQwPYeWtIP%2FFp2VdNl%2Bn0eIv6dt5Y16tAiFG09f6fZ5UXEFXUWSFOVIPEjdcJNBFa3tofBtyG0hGJ11jqifviMTn%2Biem%2BdSw2MDwsGepir5xiEy%2BwSgM%2Fm4LmGbRdtmSEt2ULBy8LeM1Ai5GGzpAz%2BrJRqFj6CYq9cZLJzzxRSGOUwRfXjmFRAuhanTqoUfjMKxaBOb%2FWvV3a3r5VJwQc7d3DXFXjx4wZmQtOXQt1KpnKuh8cZvnwg1gpAiAJZBYCS%2F2p%2FworcEJe5A06rAIIg92%2B2h0F%2BnLj5vToo0tblSrIdKVH4RCr7n119%2B58gto%2BVQqlu2BUn23w%3D%3D","environmentVariables":{"FIREBASE_CONFIG":"{\"projectId\":\"godot-serverless-function\",\"storageBucket\":\"godot-serverless-function.appspot.com\"}","GCLOUD_PROJECT":"godot-serverless-function","EVENTARC_CLOUD_EVENT_SOURCE":"projects/godot-serverless-function/locations/us-central1/functions/helloWorld"},"runtime":"nodejs16","dockerRegistry":"ARTIFACT_REGISTRY"},"versionId":"1","updateTime":"2022-12-24T14:31:21Z","buildId":"a45dd625-ab8b-4d9d-a74e-beac5b9856fe","buildName":"projects/823200951041/locations/us-central1/builds/a45dd625-ab8b-4d9d-a74e-beac5b9856fe"}}
[debug] [2022-12-24T14:31:47.859Z] [create-default-us-central1-helloWorld] Retrying task index 0
[debug] [2022-12-24T14:31:47.860Z] >>> [apiv2][query] GET https://cloudfunctions.googleapis.com/v1/operations/Z29kb3Qtc2VydmVybGVzcy1mdW5jdGlvbi91cy1jZW50cmFsMS9oZWxsb1dvcmxkL3l6OTVCVHRVSklF [none]
[debug] [2022-12-24T14:31:48.328Z] <<< [apiv2][status] GET https://cloudfunctions.googleapis.com/v1/operations/Z29kb3Qtc2VydmVybGVzcy1mdW5jdGlvbi91cy1jZW50cmFsMS9oZWxsb1dvcmxkL3l6OTVCVHRVSklF 200
[debug] [2022-12-24T14:31:48.328Z] <<< [apiv2][body] GET https://cloudfunctions.googleapis.com/v1/operations/Z29kb3Qtc2VydmVybGVzcy1mdW5jdGlvbi91cy1jZW50cmFsMS9oZWxsb1dvcmxkL3l6OTVCVHRVSklF {"name":"operations/Z29kb3Qtc2VydmVybGVzcy1mdW5jdGlvbi91cy1jZW50cmFsMS9oZWxsb1dvcmxkL3l6OTVCVHRVSklF","metadata":{"@type":"type.googleapis.com/google.cloud.functions.v1.OperationMetadataV1","target":"projects/godot-serverless-function/locations/us-central1/functions/helloWorld","type":"CREATE_FUNCTION","request":{"@type":"type.googleapis.com/google.cloud.functions.v1.CloudFunction","name":"projects/godot-serverless-function/locations/us-central1/functions/helloWorld","httpsTrigger":{"securityLevel":"SECURE_ALWAYS"},"entryPoint":"helloWorld","labels":{"deployment-tool":"cli-firebase","firebase-functions-hash":"17c60b33a3afd900e97b6cf03e1f6130fcfa380e"},"sourceUploadUrl":"https://storage.googleapis.com/uploads-847191649022.us-central1.cloudfunctions.appspot.com/737436da-1519-4b09-b608-796bc969d0f2.zip?GoogleAccessId=service-823200951041@gcf-admin-robot.iam.gserviceaccount.com&Expires=1671894079&Signature=O8LjMYjL4YQwPYeWtIP%2FFp2VdNl%2Bn0eIv6dt5Y16tAiFG09f6fZ5UXEFXUWSFOVIPEjdcJNBFa3tofBtyG0hGJ11jqifviMTn%2Biem%2BdSw2MDwsGepir5xiEy%2BwSgM%2Fm4LmGbRdtmSEt2ULBy8LeM1Ai5GGzpAz%2BrJRqFj6CYq9cZLJzzxRSGOUwRfXjmFRAuhanTqoUfjMKxaBOb%2FWvV3a3r5VJwQc7d3DXFXjx4wZmQtOXQt1KpnKuh8cZvnwg1gpAiAJZBYCS%2F2p%2FworcEJe5A06rAIIg92%2B2h0F%2BnLj5vToo0tblSrIdKVH4RCr7n119%2B58gto%2BVQqlu2BUn23w%3D%3D","environmentVariables":{"FIREBASE_CONFIG":"{\"projectId\":\"godot-serverless-function\",\"storageBucket\":\"godot-serverless-function.appspot.com\"}","GCLOUD_PROJECT":"godot-serverless-function","EVENTARC_CLOUD_EVENT_SOURCE":"projects/godot-serverless-function/locations/us-central1/functions/helloWorld"},"runtime":"nodejs16","dockerRegistry":"ARTIFACT_REGISTRY"},"versionId":"1","updateTime":"2022-12-24T14:31:21Z","buildId":"a45dd625-ab8b-4d9d-a74e-beac5b9856fe","buildName":"projects/823200951041/locations/us-central1/builds/a45dd625-ab8b-4d9d-a74e-beac5b9856fe"}}
[debug] [2022-12-24T14:31:58.343Z] [create-default-us-central1-helloWorld] Retrying task index 0
[debug] [2022-12-24T14:31:58.343Z] >>> [apiv2][query] GET https://cloudfunctions.googleapis.com/v1/operations/Z29kb3Qtc2VydmVybGVzcy1mdW5jdGlvbi91cy1jZW50cmFsMS9oZWxsb1dvcmxkL3l6OTVCVHRVSklF [none]
[debug] [2022-12-24T14:31:58.839Z] <<< [apiv2][status] GET https://cloudfunctions.googleapis.com/v1/operations/Z29kb3Qtc2VydmVybGVzcy1mdW5jdGlvbi91cy1jZW50cmFsMS9oZWxsb1dvcmxkL3l6OTVCVHRVSklF 200
[debug] [2022-12-24T14:31:58.839Z] <<< [apiv2][body] GET https://cloudfunctions.googleapis.com/v1/operations/Z29kb3Qtc2VydmVybGVzcy1mdW5jdGlvbi91cy1jZW50cmFsMS9oZWxsb1dvcmxkL3l6OTVCVHRVSklF {"name":"operations/Z29kb3Qtc2VydmVybGVzcy1mdW5jdGlvbi91cy1jZW50cmFsMS9oZWxsb1dvcmxkL3l6OTVCVHRVSklF","metadata":{"@type":"type.googleapis.com/google.cloud.functions.v1.OperationMetadataV1","target":"projects/godot-serverless-function/locations/us-central1/functions/helloWorld","type":"CREATE_FUNCTION","request":{"@type":"type.googleapis.com/google.cloud.functions.v1.CloudFunction","name":"projects/godot-serverless-function/locations/us-central1/functions/helloWorld","httpsTrigger":{"securityLevel":"SECURE_ALWAYS"},"entryPoint":"helloWorld","labels":{"deployment-tool":"cli-firebase","firebase-functions-hash":"17c60b33a3afd900e97b6cf03e1f6130fcfa380e"},"sourceUploadUrl":"https://storage.googleapis.com/uploads-847191649022.us-central1.cloudfunctions.appspot.com/737436da-1519-4b09-b608-796bc969d0f2.zip?GoogleAccessId=service-823200951041@gcf-admin-robot.iam.gserviceaccount.com&Expires=1671894079&Signature=O8LjMYjL4YQwPYeWtIP%2FFp2VdNl%2Bn0eIv6dt5Y16tAiFG09f6fZ5UXEFXUWSFOVIPEjdcJNBFa3tofBtyG0hGJ11jqifviMTn%2Biem%2BdSw2MDwsGepir5xiEy%2BwSgM%2Fm4LmGbRdtmSEt2ULBy8LeM1Ai5GGzpAz%2BrJRqFj6CYq9cZLJzzxRSGOUwRfXjmFRAuhanTqoUfjMKxaBOb%2FWvV3a3r5VJwQc7d3DXFXjx4wZmQtOXQt1KpnKuh8cZvnwg1gpAiAJZBYCS%2F2p%2FworcEJe5A06rAIIg92%2B2h0F%2BnLj5vToo0tblSrIdKVH4RCr7n119%2B58gto%2BVQqlu2BUn23w%3D%3D","environmentVariables":{"FIREBASE_CONFIG":"{\"projectId\":\"godot-serverless-function\",\"storageBucket\":\"godot-serverless-function.appspot.com\"}","GCLOUD_PROJECT":"godot-serverless-function","EVENTARC_CLOUD_EVENT_SOURCE":"projects/godot-serverless-function/locations/us-central1/functions/helloWorld"},"runtime":"nodejs16","dockerRegistry":"ARTIFACT_REGISTRY"},"versionId":"1","updateTime":"2022-12-24T14:31:21Z","buildId":"a45dd625-ab8b-4d9d-a74e-beac5b9856fe","buildName":"projects/823200951041/locations/us-central1/builds/a45dd625-ab8b-4d9d-a74e-beac5b9856fe"}}
[debug] [2022-12-24T14:32:08.843Z] [create-default-us-central1-helloWorld] Retrying task index 0
[debug] [2022-12-24T14:32:08.844Z] >>> [apiv2][query] GET https://cloudfunctions.googleapis.com/v1/operations/Z29kb3Qtc2VydmVybGVzcy1mdW5jdGlvbi91cy1jZW50cmFsMS9oZWxsb1dvcmxkL3l6OTVCVHRVSklF [none]
[debug] [2022-12-24T14:32:09.329Z] <<< [apiv2][status] GET https://cloudfunctions.googleapis.com/v1/operations/Z29kb3Qtc2VydmVybGVzcy1mdW5jdGlvbi91cy1jZW50cmFsMS9oZWxsb1dvcmxkL3l6OTVCVHRVSklF 200
[debug] [2022-12-24T14:32:09.329Z] <<< [apiv2][body] GET https://cloudfunctions.googleapis.com/v1/operations/Z29kb3Qtc2VydmVybGVzcy1mdW5jdGlvbi91cy1jZW50cmFsMS9oZWxsb1dvcmxkL3l6OTVCVHRVSklF {"name":"operations/Z29kb3Qtc2VydmVybGVzcy1mdW5jdGlvbi91cy1jZW50cmFsMS9oZWxsb1dvcmxkL3l6OTVCVHRVSklF","metadata":{"@type":"type.googleapis.com/google.cloud.functions.v1.OperationMetadataV1","target":"projects/godot-serverless-function/locations/us-central1/functions/helloWorld","type":"CREATE_FUNCTION","request":{"@type":"type.googleapis.com/google.cloud.functions.v1.CloudFunction","name":"projects/godot-serverless-function/locations/us-central1/functions/helloWorld","httpsTrigger":{"securityLevel":"SECURE_ALWAYS"},"entryPoint":"helloWorld","labels":{"deployment-tool":"cli-firebase","firebase-functions-hash":"17c60b33a3afd900e97b6cf03e1f6130fcfa380e"},"sourceUploadUrl":"https://storage.googleapis.com/uploads-847191649022.us-central1.cloudfunctions.appspot.com/737436da-1519-4b09-b608-796bc969d0f2.zip?GoogleAccessId=service-823200951041@gcf-admin-robot.iam.gserviceaccount.com&Expires=1671894079&Signature=O8LjMYjL4YQwPYeWtIP%2FFp2VdNl%2Bn0eIv6dt5Y16tAiFG09f6fZ5UXEFXUWSFOVIPEjdcJNBFa3tofBtyG0hGJ11jqifviMTn%2Biem%2BdSw2MDwsGepir5xiEy%2BwSgM%2Fm4LmGbRdtmSEt2ULBy8LeM1Ai5GGzpAz%2BrJRqFj6CYq9cZLJzzxRSGOUwRfXjmFRAuhanTqoUfjMKxaBOb%2FWvV3a3r5VJwQc7d3DXFXjx4wZmQtOXQt1KpnKuh8cZvnwg1gpAiAJZBYCS%2F2p%2FworcEJe5A06rAIIg92%2B2h0F%2BnLj5vToo0tblSrIdKVH4RCr7n119%2B58gto%2BVQqlu2BUn23w%3D%3D","environmentVariables":{"FIREBASE_CONFIG":"{\"projectId\":\"godot-serverless-function\",\"storageBucket\":\"godot-serverless-function.appspot.com\"}","GCLOUD_PROJECT":"godot-serverless-function","EVENTARC_CLOUD_EVENT_SOURCE":"projects/godot-serverless-function/locations/us-central1/functions/helloWorld"},"runtime":"nodejs16","dockerRegistry":"ARTIFACT_REGISTRY"},"versionId":"1","updateTime":"2022-12-24T14:31:21Z","buildId":"a45dd625-ab8b-4d9d-a74e-beac5b9856fe","buildName":"projects/823200951041/locations/us-central1/builds/a45dd625-ab8b-4d9d-a74e-beac5b9856fe"}}
